[www.surfprescriptions.com/index.html]
[backblue.gif]
[fade.gif]
[index.html]
[ajax.googleapis.com/ajax/libs/jquery/1.12.4/jquery.min.js]
[www.surfprescriptions.com/scripts.js]
[www.surfprescriptions.com/index-2.html]
[www.surfprescriptions.com/images/logo.png]
[www.surfprescriptions.com/boards.html]
[www.surfprescriptions.com/about.html]
[www.surfprescriptions.com/connect.html]
[www.surfprescriptions.com/retailers.html]
[www.surfprescriptions.com/ask.html]
[www.surfprescriptions.com/boards/spanishomelet.png]
[www.surfprescriptions.com/index.html]
[www.surfprescriptions.com/reset.css]
[www.surfprescriptions.com/images/feet.jpg]
[www.surfprescriptions.com/images/about2.jpg]
[www.surfprescriptions.com/images/doc-about-bw.jpg]
[www.surfprescriptions.com/images/doc-about.jpg]
[www.surfprescriptions.com/images/boardsbg.jpg]
[www.surfprescriptions.com/images/connect-full-bw.jpg]
[www.surfprescriptions.com/images/connect-full.jpg]
[www.surfprescriptions.com/images/retailersbg.jpg]
[www.surfprescriptions.com/images/askbg.jpg]
[www.surfprescriptions.com/images/feet-bw.jpg]
[www.surfprescriptions.com/style.css]
[www.surfprescriptions.com/index-2.html]
[ajax.googleapis.com/ajax/libs/jquery/1.9.0/jquery.min.js]
[www.surfprescriptions.com/jquery.mousewheel.min.js]
[www.surfprescriptions.com/images/right-arrow.png]
[www.surfprescriptions.com/fmoney.html]
[www.surfprescriptions.com/boards/fmoney.png]
[www.surfprescriptions.com/gmoney.html]
[www.surfprescriptions.com/boards/gmoneyii.png]
[www.surfprescriptions.com/ndr.html]
[www.surfprescriptions.com/boards/ndr.png]
[www.surfprescriptions.com/newbuddy.html]
[www.surfprescriptions.com/boards/newbuddy.png]
[www.surfprescriptions.com/proiixv.html]
[www.surfprescriptions.com/boards/proiixv.png]
[www.surfprescriptions.com/seahawk.html]
[www.surfprescriptions.com/boards/seahawk.png]
[www.surfprescriptions.com/spanishomelette.html]
[www.surfprescriptions.com/newtoy.html]
[www.surfprescriptions.com/boards/newtoy.png]
[www.surfprescriptions.com/deadly.html]
[www.surfprescriptions.com/boards/deadly.png]
[www.surfprescriptions.com/flyingturtle.html]
[www.surfprescriptions.com/boards/flyingturtle-front.png]
[www.surfprescriptions.com/bushwacker.html]
[www.surfprescriptions.com/boards/bushwacker.png]
[www.surfprescriptions.com/oldschool.html]
[www.surfprescriptions.com/boards/oldschooltwin.png]
[www.surfprescriptions.com/caltwin.html]
[www.surfprescriptions.com/boards/caltwin.png]
[www.surfprescriptions.com/twin82.html]
[www.surfprescriptions.com/boards/twin82.png]
[www.surfprescriptions.com/boards.html]
[www.surfprescriptions.com/about.html]
[www.surfprescriptions.com/connect.html]
[www.surfprescriptions.com/retailers.html]
[www.surfprescriptions.com/ask.html]
[www.surfprescriptions.com/boards/fmoney-back.png]
[code.jquery.com/jquery-migrate-1.2.1.min.js]
[www.surfprescriptions.com/slick/slick.min.js]
[www.surfprescriptions.com/fmoney.html]
[code.jquery.com/jquery-1.11.0.min.js]
[www.surfprescriptions.com/boards/gmoneyii-back.png]
[www.surfprescriptions.com/gmoney.html]
[www.surfprescriptions.com/boards/ndr-back.png]
[www.surfprescriptions.com/ndr.html]
[www.surfprescriptions.com/boards/newbuddy-back.png]
[www.surfprescriptions.com/newbuddy.html]
[www.surfprescriptions.com/boards/proiixv-back.png]
[www.surfprescriptions.com/proiixv.html]
[www.surfprescriptions.com/boards/seahawk-back.png]
[www.surfprescriptions.com/seahawk.html]
[www.surfprescriptions.com/boards/spanishomelet-back.png]
[www.surfprescriptions.com/spanishomelette.html]
[www.surfprescriptions.com/boards/newtoy-back.png]
[www.surfprescriptions.com/newtoy.html]
[www.surfprescriptions.com/boards/deadly-back.png]
[www.surfprescriptions.com/deadly.html]
[www.surfprescriptions.com/boards/flyingturtle-back.png]
[www.surfprescriptions.com/flyingturtle.html]
[www.surfprescriptions.com/boards/bushwacker-back.png]
[www.surfprescriptions.com/bushwacker.html]
[www.surfprescriptions.com/boards/oldschooltwin-back.png]
[www.surfprescriptions.com/oldschool.html]
[www.surfprescriptions.com/boards/caltwin-back.png]
[www.surfprescriptions.com/caltwin.html]
[www.surfprescriptions.com/boards/twin82-back.png]
[www.surfprescriptions.com/twin82.html]
[www.surfprescriptions.com/slick/slick.css]
